<?xml version="1.0" encoding="UTF-8"?>
<!-- Generated by org.testng.reporters.JUnitReportReporter -->
<testsuite hostname="DESKTOP-UICAQ40" failures="0" tests="1" name="JenkinsTest.Test3" time="3.117" errors="0" timestamp="29 Sep 2022 15:13:08 GMT">
  <testcase classname="JenkinsTest.Test3" name="t3" time="3.117"/>
</testsuite> <!-- JenkinsTest.Test3 -->
