<?xml version="1.0" encoding="UTF-8"?>
<!-- Generated by org.testng.reporters.JUnitReportReporter -->
<testsuite hostname="DESKTOP-UICAQ40" failures="0" tests="1" name="JenkinsTest.Test1" time="1.650" errors="0" timestamp="29 Sep 2022 15:13:08 GMT">
  <testcase classname="JenkinsTest.Test1" name="t2" time="1.650"/>
</testsuite> <!-- JenkinsTest.Test1 -->
